Analysis & Synthesis report for DifferentialEquation
Tue Apr 25 14:00:38 2023
Quartus II 64-Bit Version 13.0.1 Build 232 06/12/2013 Service Pack 1 SJ Web Edition


---------------------
; Table of Contents ;
---------------------
  1. Legal Notice
  2. Analysis & Synthesis Summary
  3. Analysis & Synthesis Settings
  4. Parallel Compilation
  5. Analysis & Synthesis Source Files Read
  6. Analysis & Synthesis Resource Usage Summary
  7. Analysis & Synthesis Resource Utilization by Entity
  8. General Register Statistics
  9. Multiplexer Restructuring Statistics (Restructuring Performed)
 10. Parameter Settings for User Entity Instance: somador_n:somador1
 11. Parameter Settings for User Entity Instance: Multiplicador_Matricial:multiplicador1|somador_n:somador1_n14
 12. Parameter Settings for User Entity Instance: Multiplicador_Matricial:multiplicador1|somador_n:somador2_n12
 13. Parameter Settings for User Entity Instance: Multiplicador_Matricial:multiplicador1|somador_n:somador3_n10
 14. Parameter Settings for User Entity Instance: Multiplicador_Matricial:multiplicador2|somador_n:somador1_n14
 15. Parameter Settings for User Entity Instance: Multiplicador_Matricial:multiplicador2|somador_n:somador2_n12
 16. Parameter Settings for User Entity Instance: Multiplicador_Matricial:multiplicador2|somador_n:somador3_n10
 17. Parameter Settings for User Entity Instance: Multiplicador_Matricial:multiplicador3|somador_n:somador1_n14
 18. Parameter Settings for User Entity Instance: Multiplicador_Matricial:multiplicador3|somador_n:somador2_n12
 19. Parameter Settings for User Entity Instance: Multiplicador_Matricial:multiplicador3|somador_n:somador3_n10
 20. Parameter Settings for User Entity Instance: Multiplicador_Matricial:multiplicador4|somador_n:somador1_n14
 21. Parameter Settings for User Entity Instance: Multiplicador_Matricial:multiplicador4|somador_n:somador2_n12
 22. Parameter Settings for User Entity Instance: Multiplicador_Matricial:multiplicador4|somador_n:somador3_n10
 23. Parameter Settings for User Entity Instance: Multiplicador_Matricial:multiplicador5|somador_n:somador1_n14
 24. Parameter Settings for User Entity Instance: Multiplicador_Matricial:multiplicador5|somador_n:somador2_n12
 25. Parameter Settings for User Entity Instance: Multiplicador_Matricial:multiplicador5|somador_n:somador3_n10
 26. Parameter Settings for User Entity Instance: Multiplicador_Matricial:multiplicador6|somador_n:somador1_n14
 27. Parameter Settings for User Entity Instance: Multiplicador_Matricial:multiplicador6|somador_n:somador2_n12
 28. Parameter Settings for User Entity Instance: Multiplicador_Matricial:multiplicador6|somador_n:somador3_n10
 29. Port Connectivity Checks: "Multiplicador_Matricial:multiplicador4"
 30. Port Connectivity Checks: "Multiplicador_Matricial:multiplicador3"
 31. Port Connectivity Checks: "Multiplicador_Matricial:multiplicador2"
 32. Port Connectivity Checks: "Multiplicador_Matricial:multiplicador1|somador_n:somador3_n10"
 33. Port Connectivity Checks: "Multiplicador_Matricial:multiplicador1|somador_n:somador2_n12"
 34. Port Connectivity Checks: "Multiplicador_Matricial:multiplicador1|somador_n:somador1_n14"
 35. Port Connectivity Checks: "Multiplicador_Matricial:multiplicador1|gpp:gpp1"
 36. Port Connectivity Checks: "Multiplicador_Matricial:multiplicador1"
 37. Port Connectivity Checks: "somador_n:somador1"
 38. Elapsed Time Per Partition
 39. Analysis & Synthesis Messages



----------------
; Legal Notice ;
----------------
Copyright (C) 1991-2013 Altera Corporation
Your use of Altera Corporation's design tools, logic functions 
and other software and tools, and its AMPP partner logic 
functions, and any output files from any of the foregoing 
(including device programming or simulation files), and any 
associated documentation or information are expressly subject 
to the terms and conditions of the Altera Program License 
Subscription Agreement, Altera MegaCore Function License 
Agreement, or other applicable license agreement, including, 
without limitation, that your use is for the sole purpose of 
programming logic devices manufactured by Altera and sold by 
Altera or its authorized distributors.  Please refer to the 
applicable agreement for further details.



+--------------------------------------------------------------------------------------+
; Analysis & Synthesis Summary                                                         ;
+------------------------------------+-------------------------------------------------+
; Analysis & Synthesis Status        ; Successful - Tue Apr 25 14:00:38 2023           ;
; Quartus II 64-Bit Version          ; 13.0.1 Build 232 06/12/2013 SP 1 SJ Web Edition ;
; Revision Name                      ; DifferentialEquation                            ;
; Top-level Entity Name              ; DifferentialEquation                            ;
; Family                             ; Cyclone II                                      ;
; Total logic elements               ; 412                                             ;
;     Total combinational functions  ; 412                                             ;
;     Dedicated logic registers      ; 48                                              ;
; Total registers                    ; 48                                              ;
; Total pins                         ; 145                                             ;
; Total virtual pins                 ; 0                                               ;
; Total memory bits                  ; 0                                               ;
; Embedded Multiplier 9-bit elements ; 0                                               ;
; Total PLLs                         ; 0                                               ;
+------------------------------------+-------------------------------------------------+


+--------------------------------------------------------------------------------------------------------------------------+
; Analysis & Synthesis Settings                                                                                            ;
+----------------------------------------------------------------------------+----------------------+----------------------+
; Option                                                                     ; Setting              ; Default Value        ;
+----------------------------------------------------------------------------+----------------------+----------------------+
; Device                                                                     ; EP2C35F672C6         ;                      ;
; Top-level entity name                                                      ; DifferentialEquation ; DifferentialEquation ;
; Family name                                                                ; Cyclone II           ; Cyclone IV GX        ;
; Use smart compilation                                                      ; Off                  ; Off                  ;
; Enable parallel Assembler and TimeQuest Timing Analyzer during compilation ; On                   ; On                   ;
; Enable compact report table                                                ; Off                  ; Off                  ;
; Restructure Multiplexers                                                   ; Auto                 ; Auto                 ;
; Create Debugging Nodes for IP Cores                                        ; Off                  ; Off                  ;
; Preserve fewer node names                                                  ; On                   ; On                   ;
; Disable OpenCore Plus hardware evaluation                                  ; Off                  ; Off                  ;
; Verilog Version                                                            ; Verilog_2001         ; Verilog_2001         ;
; VHDL Version                                                               ; VHDL_1993            ; VHDL_1993            ;
; State Machine Processing                                                   ; Auto                 ; Auto                 ;
; Safe State Machine                                                         ; Off                  ; Off                  ;
; Extract Verilog State Machines                                             ; On                   ; On                   ;
; Extract VHDL State Machines                                                ; On                   ; On                   ;
; Ignore Verilog initial constructs                                          ; Off                  ; Off                  ;
; Iteration limit for constant Verilog loops                                 ; 5000                 ; 5000                 ;
; Iteration limit for non-constant Verilog loops                             ; 250                  ; 250                  ;
; Add Pass-Through Logic to Inferred RAMs                                    ; On                   ; On                   ;
; Infer RAMs from Raw Logic                                                  ; On                   ; On                   ;
; Parallel Synthesis                                                         ; On                   ; On                   ;
; DSP Block Balancing                                                        ; Auto                 ; Auto                 ;
; NOT Gate Push-Back                                                         ; On                   ; On                   ;
; Power-Up Don't Care                                                        ; On                   ; On                   ;
; Remove Redundant Logic Cells                                               ; Off                  ; Off                  ;
; Remove Duplicate Registers                                                 ; On                   ; On                   ;
; Ignore CARRY Buffers                                                       ; Off                  ; Off                  ;
; Ignore CASCADE Buffers                                                     ; Off                  ; Off                  ;
; Ignore GLOBAL Buffers                                                      ; Off                  ; Off                  ;
; Ignore ROW GLOBAL Buffers                                                  ; Off                  ; Off                  ;
; Ignore LCELL Buffers                                                       ; Off                  ; Off                  ;
; Ignore SOFT Buffers                                                        ; On                   ; On                   ;
; Limit AHDL Integers to 32 Bits                                             ; Off                  ; Off                  ;
; Optimization Technique                                                     ; Balanced             ; Balanced             ;
; Carry Chain Length                                                         ; 70                   ; 70                   ;
; Auto Carry Chains                                                          ; On                   ; On                   ;
; Auto Open-Drain Pins                                                       ; On                   ; On                   ;
; Perform WYSIWYG Primitive Resynthesis                                      ; Off                  ; Off                  ;
; Auto ROM Replacement                                                       ; On                   ; On                   ;
; Auto RAM Replacement                                                       ; On                   ; On                   ;
; Auto Shift Register Replacement                                            ; Auto                 ; Auto                 ;
; Allow Shift Register Merging across Hierarchies                            ; Auto                 ; Auto                 ;
; Auto Clock Enable Replacement                                              ; On                   ; On                   ;
; Strict RAM Replacement                                                     ; Off                  ; Off                  ;
; Allow Synchronous Control Signals                                          ; On                   ; On                   ;
; Force Use of Synchronous Clear Signals                                     ; Off                  ; Off                  ;
; Auto RAM to Logic Cell Conversion                                          ; Off                  ; Off                  ;
; Auto Resource Sharing                                                      ; Off                  ; Off                  ;
; Allow Any RAM Size For Recognition                                         ; Off                  ; Off                  ;
; Allow Any ROM Size For Recognition                                         ; Off                  ; Off                  ;
; Allow Any Shift Register Size For Recognition                              ; Off                  ; Off                  ;
; Use LogicLock Constraints during Resource Balancing                        ; On                   ; On                   ;
; Ignore translate_off and synthesis_off directives                          ; Off                  ; Off                  ;
; Timing-Driven Synthesis                                                    ; Off                  ; Off                  ;
; Report Parameter Settings                                                  ; On                   ; On                   ;
; Report Source Assignments                                                  ; On                   ; On                   ;
; Report Connectivity Checks                                                 ; On                   ; On                   ;
; Ignore Maximum Fan-Out Assignments                                         ; Off                  ; Off                  ;
; Synchronization Register Chain Length                                      ; 2                    ; 2                    ;
; PowerPlay Power Optimization                                               ; Normal compilation   ; Normal compilation   ;
; HDL message level                                                          ; Level2               ; Level2               ;
; Suppress Register Optimization Related Messages                            ; Off                  ; Off                  ;
; Number of Removed Registers Reported in Synthesis Report                   ; 5000                 ; 5000                 ;
; Number of Swept Nodes Reported in Synthesis Report                         ; 5000                 ; 5000                 ;
; Number of Inverted Registers Reported in Synthesis Report                  ; 100                  ; 100                  ;
; Clock MUX Protection                                                       ; On                   ; On                   ;
; Auto Gated Clock Conversion                                                ; Off                  ; Off                  ;
; Block Design Naming                                                        ; Auto                 ; Auto                 ;
; SDC constraint protection                                                  ; Off                  ; Off                  ;
; Synthesis Effort                                                           ; Auto                 ; Auto                 ;
; Shift Register Replacement - Allow Asynchronous Clear Signal               ; On                   ; On                   ;
; Pre-Mapping Resynthesis Optimization                                       ; Off                  ; Off                  ;
; Analysis & Synthesis Message Level                                         ; Medium               ; Medium               ;
; Disable Register Merging Across Hierarchies                                ; Auto                 ; Auto                 ;
; Resource Aware Inference For Block RAM                                     ; On                   ; On                   ;
; Synthesis Seed                                                             ; 1                    ; 1                    ;
+----------------------------------------------------------------------------+----------------------+----------------------+


Parallel compilation was disabled, but you have multiple processors available. Enable parallel compilation to reduce compilation time.
+-------------------------------------+
; Parallel Compilation                ;
+----------------------------+--------+
; Processors                 ; Number ;
+----------------------------+--------+
; Number detected on machine ; 8      ;
; Maximum allowed            ; 1      ;
+----------------------------+--------+


+--------------------------------------------------------------------------------------------------------------------------------------------------------------------------+
; Analysis & Synthesis Source Files Read                                                                                                                                   ;
+----------------------------------+-----------------+-----------------+-----------------------------------------------------------------------------------------+---------+
; File Name with User-Entered Path ; Used in Netlist ; File Type       ; File Name with Absolute Path                                                            ; Library ;
+----------------------------------+-----------------+-----------------+-----------------------------------------------------------------------------------------+---------+
; Multiplicador_Matricial.vhd      ; yes             ; User VHDL File  ; C:/Users/Gerson Menezes/Documents/VHDL/DifferentialEquation/Multiplicador_Matricial.vhd ;         ;
; somador_n.vhd                    ; yes             ; User VHDL File  ; C:/Users/Gerson Menezes/Documents/VHDL/DifferentialEquation/somador_n.vhd               ;         ;
; gpp.vhd                          ; yes             ; User VHDL File  ; C:/Users/Gerson Menezes/Documents/VHDL/DifferentialEquation/gpp.vhd                     ;         ;
; FA.vhd                           ; yes             ; User VHDL File  ; C:/Users/Gerson Menezes/Documents/VHDL/DifferentialEquation/FA.vhd                      ;         ;
; DifferentialEquation.vhd         ; yes             ; User VHDL File  ; C:/Users/Gerson Menezes/Documents/VHDL/DifferentialEquation/DifferentialEquation.vhd    ;         ;
+----------------------------------+-----------------+-----------------+-----------------------------------------------------------------------------------------+---------+


+------------------------------------------------------------+
; Analysis & Synthesis Resource Usage Summary                ;
+---------------------------------------------+--------------+
; Resource                                    ; Usage        ;
+---------------------------------------------+--------------+
; Estimated Total logic elements              ; 412          ;
;                                             ;              ;
; Total combinational functions               ; 412          ;
; Logic element usage by number of LUT inputs ;              ;
;     -- 4 input functions                    ; 225          ;
;     -- 3 input functions                    ; 109          ;
;     -- <=2 input functions                  ; 78           ;
;                                             ;              ;
; Logic elements by mode                      ;              ;
;     -- normal mode                          ; 352          ;
;     -- arithmetic mode                      ; 60           ;
;                                             ;              ;
; Total registers                             ; 48           ;
;     -- Dedicated logic registers            ; 48           ;
;     -- I/O registers                        ; 0            ;
;                                             ;              ;
; I/O pins                                    ; 145          ;
; Embedded Multiplier 9-bit elements          ; 0            ;
; Maximum fan-out node                        ; LessThan0~30 ;
; Maximum fan-out                             ; 48           ;
; Total fan-out                               ; 1586         ;
; Average fan-out                             ; 2.62         ;
+---------------------------------------------+--------------+


+------------------------------------------------------------------------------------------------------------------------------------------------------------------------------------------------------------------------------------------------------------------------------+
; Analysis & Synthesis Resource Utilization by Entity                                                                                                                                                                                                                          ;
+---------------------------------------------+-------------------+--------------+-------------+--------------+---------+-----------+------+--------------+-----------------------------------------------------------------------------------------------------+--------------+
; Compilation Hierarchy Node                  ; LC Combinationals ; LC Registers ; Memory Bits ; DSP Elements ; DSP 9x9 ; DSP 18x18 ; Pins ; Virtual Pins ; Full Hierarchy Name                                                                                 ; Library Name ;
+---------------------------------------------+-------------------+--------------+-------------+--------------+---------+-----------+------+--------------+-----------------------------------------------------------------------------------------------------+--------------+
; |DifferentialEquation                       ; 412 (33)          ; 48 (48)      ; 0           ; 0            ; 0       ; 0         ; 145  ; 0            ; |DifferentialEquation                                                                               ; work         ;
;    |Multiplicador_Matricial:multiplicador4| ; 17 (0)            ; 0 (0)        ; 0           ; 0            ; 0       ; 0         ; 0    ; 0            ; |DifferentialEquation|Multiplicador_Matricial:multiplicador4                                        ; work         ;
;       |gpp:gpp1|                            ; 2 (2)             ; 0 (0)        ; 0           ; 0            ; 0       ; 0         ; 0    ; 0            ; |DifferentialEquation|Multiplicador_Matricial:multiplicador4|gpp:gpp1                               ; work         ;
;       |gpp:gpp2|                            ; 1 (1)             ; 0 (0)        ; 0           ; 0            ; 0       ; 0         ; 0    ; 0            ; |DifferentialEquation|Multiplicador_Matricial:multiplicador4|gpp:gpp2                               ; work         ;
;       |gpp:gpp3|                            ; 2 (2)             ; 0 (0)        ; 0           ; 0            ; 0       ; 0         ; 0    ; 0            ; |DifferentialEquation|Multiplicador_Matricial:multiplicador4|gpp:gpp3                               ; work         ;
;       |gpp:gpp4|                            ; 1 (1)             ; 0 (0)        ; 0           ; 0            ; 0       ; 0         ; 0    ; 0            ; |DifferentialEquation|Multiplicador_Matricial:multiplicador4|gpp:gpp4                               ; work         ;
;       |somador_n:somador1_n14|              ; 3 (0)             ; 0 (0)        ; 0           ; 0            ; 0       ; 0         ; 0    ; 0            ; |DifferentialEquation|Multiplicador_Matricial:multiplicador4|somador_n:somador1_n14                 ; work         ;
;          |FA:\g1:0:soman|                   ; 1 (1)             ; 0 (0)        ; 0           ; 0            ; 0       ; 0         ; 0    ; 0            ; |DifferentialEquation|Multiplicador_Matricial:multiplicador4|somador_n:somador1_n14|FA:\g1:0:soman  ; work         ;
;          |FA:\g1:1:soman|                   ; 1 (1)             ; 0 (0)        ; 0           ; 0            ; 0       ; 0         ; 0    ; 0            ; |DifferentialEquation|Multiplicador_Matricial:multiplicador4|somador_n:somador1_n14|FA:\g1:1:soman  ; work         ;
;          |FA:\g1:2:soman|                   ; 1 (1)             ; 0 (0)        ; 0           ; 0            ; 0       ; 0         ; 0    ; 0            ; |DifferentialEquation|Multiplicador_Matricial:multiplicador4|somador_n:somador1_n14|FA:\g1:2:soman  ; work         ;
;       |somador_n:somador2_n12|              ; 4 (0)             ; 0 (0)        ; 0           ; 0            ; 0       ; 0         ; 0    ; 0            ; |DifferentialEquation|Multiplicador_Matricial:multiplicador4|somador_n:somador2_n12                 ; work         ;
;          |FA:\g1:0:soman|                   ; 1 (1)             ; 0 (0)        ; 0           ; 0            ; 0       ; 0         ; 0    ; 0            ; |DifferentialEquation|Multiplicador_Matricial:multiplicador4|somador_n:somador2_n12|FA:\g1:0:soman  ; work         ;
;          |FA:\g1:1:soman|                   ; 2 (2)             ; 0 (0)        ; 0           ; 0            ; 0       ; 0         ; 0    ; 0            ; |DifferentialEquation|Multiplicador_Matricial:multiplicador4|somador_n:somador2_n12|FA:\g1:1:soman  ; work         ;
;          |FA:\g1:2:soman|                   ; 1 (1)             ; 0 (0)        ; 0           ; 0            ; 0       ; 0         ; 0    ; 0            ; |DifferentialEquation|Multiplicador_Matricial:multiplicador4|somador_n:somador2_n12|FA:\g1:2:soman  ; work         ;
;       |somador_n:somador3_n10|              ; 4 (0)             ; 0 (0)        ; 0           ; 0            ; 0       ; 0         ; 0    ; 0            ; |DifferentialEquation|Multiplicador_Matricial:multiplicador4|somador_n:somador3_n10                 ; work         ;
;          |FA:\g1:0:soman|                   ; 1 (1)             ; 0 (0)        ; 0           ; 0            ; 0       ; 0         ; 0    ; 0            ; |DifferentialEquation|Multiplicador_Matricial:multiplicador4|somador_n:somador3_n10|FA:\g1:0:soman  ; work         ;
;          |FA:\g1:1:soman|                   ; 3 (3)             ; 0 (0)        ; 0           ; 0            ; 0       ; 0         ; 0    ; 0            ; |DifferentialEquation|Multiplicador_Matricial:multiplicador4|somador_n:somador3_n10|FA:\g1:1:soman  ; work         ;
;    |Multiplicador_Matricial:multiplicador5| ; 174 (0)           ; 0 (0)        ; 0           ; 0            ; 0       ; 0         ; 0    ; 0            ; |DifferentialEquation|Multiplicador_Matricial:multiplicador5                                        ; work         ;
;       |gpp:gpp1|                            ; 37 (37)           ; 0 (0)        ; 0           ; 0            ; 0       ; 0         ; 0    ; 0            ; |DifferentialEquation|Multiplicador_Matricial:multiplicador5|gpp:gpp1                               ; work         ;
;       |gpp:gpp2|                            ; 28 (28)           ; 0 (0)        ; 0           ; 0            ; 0       ; 0         ; 0    ; 0            ; |DifferentialEquation|Multiplicador_Matricial:multiplicador5|gpp:gpp2                               ; work         ;
;       |gpp:gpp3|                            ; 27 (27)           ; 0 (0)        ; 0           ; 0            ; 0       ; 0         ; 0    ; 0            ; |DifferentialEquation|Multiplicador_Matricial:multiplicador5|gpp:gpp3                               ; work         ;
;       |gpp:gpp4|                            ; 28 (28)           ; 0 (0)        ; 0           ; 0            ; 0       ; 0         ; 0    ; 0            ; |DifferentialEquation|Multiplicador_Matricial:multiplicador5|gpp:gpp4                               ; work         ;
;       |somador_n:somador1_n14|              ; 18 (0)            ; 0 (0)        ; 0           ; 0            ; 0       ; 0         ; 0    ; 0            ; |DifferentialEquation|Multiplicador_Matricial:multiplicador5|somador_n:somador1_n14                 ; work         ;
;          |FA:\g1:0:soman|                   ; 1 (1)             ; 0 (0)        ; 0           ; 0            ; 0       ; 0         ; 0    ; 0            ; |DifferentialEquation|Multiplicador_Matricial:multiplicador5|somador_n:somador1_n14|FA:\g1:0:soman  ; work         ;
;          |FA:\g1:1:soman|                   ; 2 (2)             ; 0 (0)        ; 0           ; 0            ; 0       ; 0         ; 0    ; 0            ; |DifferentialEquation|Multiplicador_Matricial:multiplicador5|somador_n:somador1_n14|FA:\g1:1:soman  ; work         ;
;          |FA:\g1:2:soman|                   ; 2 (2)             ; 0 (0)        ; 0           ; 0            ; 0       ; 0         ; 0    ; 0            ; |DifferentialEquation|Multiplicador_Matricial:multiplicador5|somador_n:somador1_n14|FA:\g1:2:soman  ; work         ;
;          |FA:\g1:3:soman|                   ; 3 (3)             ; 0 (0)        ; 0           ; 0            ; 0       ; 0         ; 0    ; 0            ; |DifferentialEquation|Multiplicador_Matricial:multiplicador5|somador_n:somador1_n14|FA:\g1:3:soman  ; work         ;
;          |FA:\g1:4:soman|                   ; 2 (2)             ; 0 (0)        ; 0           ; 0            ; 0       ; 0         ; 0    ; 0            ; |DifferentialEquation|Multiplicador_Matricial:multiplicador5|somador_n:somador1_n14|FA:\g1:4:soman  ; work         ;
;          |FA:\g1:5:soman|                   ; 2 (2)             ; 0 (0)        ; 0           ; 0            ; 0       ; 0         ; 0    ; 0            ; |DifferentialEquation|Multiplicador_Matricial:multiplicador5|somador_n:somador1_n14|FA:\g1:5:soman  ; work         ;
;          |FA:\g1:6:soman|                   ; 2 (2)             ; 0 (0)        ; 0           ; 0            ; 0       ; 0         ; 0    ; 0            ; |DifferentialEquation|Multiplicador_Matricial:multiplicador5|somador_n:somador1_n14|FA:\g1:6:soman  ; work         ;
;          |FA:\g1:7:soman|                   ; 2 (2)             ; 0 (0)        ; 0           ; 0            ; 0       ; 0         ; 0    ; 0            ; |DifferentialEquation|Multiplicador_Matricial:multiplicador5|somador_n:somador1_n14|FA:\g1:7:soman  ; work         ;
;          |FA:\g1:8:soman|                   ; 2 (2)             ; 0 (0)        ; 0           ; 0            ; 0       ; 0         ; 0    ; 0            ; |DifferentialEquation|Multiplicador_Matricial:multiplicador5|somador_n:somador1_n14|FA:\g1:8:soman  ; work         ;
;       |somador_n:somador2_n12|              ; 18 (0)            ; 0 (0)        ; 0           ; 0            ; 0       ; 0         ; 0    ; 0            ; |DifferentialEquation|Multiplicador_Matricial:multiplicador5|somador_n:somador2_n12                 ; work         ;
;          |FA:\g1:0:soman|                   ; 1 (1)             ; 0 (0)        ; 0           ; 0            ; 0       ; 0         ; 0    ; 0            ; |DifferentialEquation|Multiplicador_Matricial:multiplicador5|somador_n:somador2_n12|FA:\g1:0:soman  ; work         ;
;          |FA:\g1:1:soman|                   ; 2 (2)             ; 0 (0)        ; 0           ; 0            ; 0       ; 0         ; 0    ; 0            ; |DifferentialEquation|Multiplicador_Matricial:multiplicador5|somador_n:somador2_n12|FA:\g1:1:soman  ; work         ;
;          |FA:\g1:2:soman|                   ; 2 (2)             ; 0 (0)        ; 0           ; 0            ; 0       ; 0         ; 0    ; 0            ; |DifferentialEquation|Multiplicador_Matricial:multiplicador5|somador_n:somador2_n12|FA:\g1:2:soman  ; work         ;
;          |FA:\g1:3:soman|                   ; 2 (2)             ; 0 (0)        ; 0           ; 0            ; 0       ; 0         ; 0    ; 0            ; |DifferentialEquation|Multiplicador_Matricial:multiplicador5|somador_n:somador2_n12|FA:\g1:3:soman  ; work         ;
;          |FA:\g1:4:soman|                   ; 2 (2)             ; 0 (0)        ; 0           ; 0            ; 0       ; 0         ; 0    ; 0            ; |DifferentialEquation|Multiplicador_Matricial:multiplicador5|somador_n:somador2_n12|FA:\g1:4:soman  ; work         ;
;          |FA:\g1:5:soman|                   ; 2 (2)             ; 0 (0)        ; 0           ; 0            ; 0       ; 0         ; 0    ; 0            ; |DifferentialEquation|Multiplicador_Matricial:multiplicador5|somador_n:somador2_n12|FA:\g1:5:soman  ; work         ;
;          |FA:\g1:6:soman|                   ; 2 (2)             ; 0 (0)        ; 0           ; 0            ; 0       ; 0         ; 0    ; 0            ; |DifferentialEquation|Multiplicador_Matricial:multiplicador5|somador_n:somador2_n12|FA:\g1:6:soman  ; work         ;
;          |FA:\g1:7:soman|                   ; 2 (2)             ; 0 (0)        ; 0           ; 0            ; 0       ; 0         ; 0    ; 0            ; |DifferentialEquation|Multiplicador_Matricial:multiplicador5|somador_n:somador2_n12|FA:\g1:7:soman  ; work         ;
;          |FA:\g1:8:soman|                   ; 2 (2)             ; 0 (0)        ; 0           ; 0            ; 0       ; 0         ; 0    ; 0            ; |DifferentialEquation|Multiplicador_Matricial:multiplicador5|somador_n:somador2_n12|FA:\g1:8:soman  ; work         ;
;          |FA:\g1:9:soman|                   ; 1 (1)             ; 0 (0)        ; 0           ; 0            ; 0       ; 0         ; 0    ; 0            ; |DifferentialEquation|Multiplicador_Matricial:multiplicador5|somador_n:somador2_n12|FA:\g1:9:soman  ; work         ;
;       |somador_n:somador3_n10|              ; 18 (0)            ; 0 (0)        ; 0           ; 0            ; 0       ; 0         ; 0    ; 0            ; |DifferentialEquation|Multiplicador_Matricial:multiplicador5|somador_n:somador3_n10                 ; work         ;
;          |FA:\g1:0:soman|                   ; 1 (1)             ; 0 (0)        ; 0           ; 0            ; 0       ; 0         ; 0    ; 0            ; |DifferentialEquation|Multiplicador_Matricial:multiplicador5|somador_n:somador3_n10|FA:\g1:0:soman  ; work         ;
;          |FA:\g1:1:soman|                   ; 2 (2)             ; 0 (0)        ; 0           ; 0            ; 0       ; 0         ; 0    ; 0            ; |DifferentialEquation|Multiplicador_Matricial:multiplicador5|somador_n:somador3_n10|FA:\g1:1:soman  ; work         ;
;          |FA:\g1:2:soman|                   ; 2 (2)             ; 0 (0)        ; 0           ; 0            ; 0       ; 0         ; 0    ; 0            ; |DifferentialEquation|Multiplicador_Matricial:multiplicador5|somador_n:somador3_n10|FA:\g1:2:soman  ; work         ;
;          |FA:\g1:3:soman|                   ; 2 (2)             ; 0 (0)        ; 0           ; 0            ; 0       ; 0         ; 0    ; 0            ; |DifferentialEquation|Multiplicador_Matricial:multiplicador5|somador_n:somador3_n10|FA:\g1:3:soman  ; work         ;
;          |FA:\g1:4:soman|                   ; 2 (2)             ; 0 (0)        ; 0           ; 0            ; 0       ; 0         ; 0    ; 0            ; |DifferentialEquation|Multiplicador_Matricial:multiplicador5|somador_n:somador3_n10|FA:\g1:4:soman  ; work         ;
;          |FA:\g1:5:soman|                   ; 2 (2)             ; 0 (0)        ; 0           ; 0            ; 0       ; 0         ; 0    ; 0            ; |DifferentialEquation|Multiplicador_Matricial:multiplicador5|somador_n:somador3_n10|FA:\g1:5:soman  ; work         ;
;          |FA:\g1:6:soman|                   ; 2 (2)             ; 0 (0)        ; 0           ; 0            ; 0       ; 0         ; 0    ; 0            ; |DifferentialEquation|Multiplicador_Matricial:multiplicador5|somador_n:somador3_n10|FA:\g1:6:soman  ; work         ;
;          |FA:\g1:7:soman|                   ; 2 (2)             ; 0 (0)        ; 0           ; 0            ; 0       ; 0         ; 0    ; 0            ; |DifferentialEquation|Multiplicador_Matricial:multiplicador5|somador_n:somador3_n10|FA:\g1:7:soman  ; work         ;
;          |FA:\g1:8:soman|                   ; 2 (2)             ; 0 (0)        ; 0           ; 0            ; 0       ; 0         ; 0    ; 0            ; |DifferentialEquation|Multiplicador_Matricial:multiplicador5|somador_n:somador3_n10|FA:\g1:8:soman  ; work         ;
;          |FA:\g1:9:soman|                   ; 1 (1)             ; 0 (0)        ; 0           ; 0            ; 0       ; 0         ; 0    ; 0            ; |DifferentialEquation|Multiplicador_Matricial:multiplicador5|somador_n:somador3_n10|FA:\g1:9:soman  ; work         ;
;    |Multiplicador_Matricial:multiplicador6| ; 159 (0)           ; 0 (0)        ; 0           ; 0            ; 0       ; 0         ; 0    ; 0            ; |DifferentialEquation|Multiplicador_Matricial:multiplicador6                                        ; work         ;
;       |gpp:gpp1|                            ; 17 (17)           ; 0 (0)        ; 0           ; 0            ; 0       ; 0         ; 0    ; 0            ; |DifferentialEquation|Multiplicador_Matricial:multiplicador6|gpp:gpp1                               ; work         ;
;       |gpp:gpp2|                            ; 24 (24)           ; 0 (0)        ; 0           ; 0            ; 0       ; 0         ; 0    ; 0            ; |DifferentialEquation|Multiplicador_Matricial:multiplicador6|gpp:gpp2                               ; work         ;
;       |gpp:gpp3|                            ; 24 (24)           ; 0 (0)        ; 0           ; 0            ; 0       ; 0         ; 0    ; 0            ; |DifferentialEquation|Multiplicador_Matricial:multiplicador6|gpp:gpp3                               ; work         ;
;       |gpp:gpp4|                            ; 41 (41)           ; 0 (0)        ; 0           ; 0            ; 0       ; 0         ; 0    ; 0            ; |DifferentialEquation|Multiplicador_Matricial:multiplicador6|gpp:gpp4                               ; work         ;
;       |somador_n:somador1_n14|              ; 17 (0)            ; 0 (0)        ; 0           ; 0            ; 0       ; 0         ; 0    ; 0            ; |DifferentialEquation|Multiplicador_Matricial:multiplicador6|somador_n:somador1_n14                 ; work         ;
;          |FA:\g1:0:soman|                   ; 1 (1)             ; 0 (0)        ; 0           ; 0            ; 0       ; 0         ; 0    ; 0            ; |DifferentialEquation|Multiplicador_Matricial:multiplicador6|somador_n:somador1_n14|FA:\g1:0:soman  ; work         ;
;          |FA:\g1:10:soman|                  ; 1 (1)             ; 0 (0)        ; 0           ; 0            ; 0       ; 0         ; 0    ; 0            ; |DifferentialEquation|Multiplicador_Matricial:multiplicador6|somador_n:somador1_n14|FA:\g1:10:soman ; work         ;
;          |FA:\g1:12:soman|                  ; 1 (1)             ; 0 (0)        ; 0           ; 0            ; 0       ; 0         ; 0    ; 0            ; |DifferentialEquation|Multiplicador_Matricial:multiplicador6|somador_n:somador1_n14|FA:\g1:12:soman ; work         ;
;          |FA:\g1:1:soman|                   ; 2 (2)             ; 0 (0)        ; 0           ; 0            ; 0       ; 0         ; 0    ; 0            ; |DifferentialEquation|Multiplicador_Matricial:multiplicador6|somador_n:somador1_n14|FA:\g1:1:soman  ; work         ;
;          |FA:\g1:2:soman|                   ; 2 (2)             ; 0 (0)        ; 0           ; 0            ; 0       ; 0         ; 0    ; 0            ; |DifferentialEquation|Multiplicador_Matricial:multiplicador6|somador_n:somador1_n14|FA:\g1:2:soman  ; work         ;
;          |FA:\g1:3:soman|                   ; 2 (2)             ; 0 (0)        ; 0           ; 0            ; 0       ; 0         ; 0    ; 0            ; |DifferentialEquation|Multiplicador_Matricial:multiplicador6|somador_n:somador1_n14|FA:\g1:3:soman  ; work         ;
;          |FA:\g1:4:soman|                   ; 2 (2)             ; 0 (0)        ; 0           ; 0            ; 0       ; 0         ; 0    ; 0            ; |DifferentialEquation|Multiplicador_Matricial:multiplicador6|somador_n:somador1_n14|FA:\g1:4:soman  ; work         ;
;          |FA:\g1:5:soman|                   ; 2 (2)             ; 0 (0)        ; 0           ; 0            ; 0       ; 0         ; 0    ; 0            ; |DifferentialEquation|Multiplicador_Matricial:multiplicador6|somador_n:somador1_n14|FA:\g1:5:soman  ; work         ;
;          |FA:\g1:6:soman|                   ; 2 (2)             ; 0 (0)        ; 0           ; 0            ; 0       ; 0         ; 0    ; 0            ; |DifferentialEquation|Multiplicador_Matricial:multiplicador6|somador_n:somador1_n14|FA:\g1:6:soman  ; work         ;
;          |FA:\g1:7:soman|                   ; 2 (2)             ; 0 (0)        ; 0           ; 0            ; 0       ; 0         ; 0    ; 0            ; |DifferentialEquation|Multiplicador_Matricial:multiplicador6|somador_n:somador1_n14|FA:\g1:7:soman  ; work         ;
;       |somador_n:somador2_n12|              ; 18 (0)            ; 0 (0)        ; 0           ; 0            ; 0       ; 0         ; 0    ; 0            ; |DifferentialEquation|Multiplicador_Matricial:multiplicador6|somador_n:somador2_n12                 ; work         ;
;          |FA:\g1:0:soman|                   ; 1 (1)             ; 0 (0)        ; 0           ; 0            ; 0       ; 0         ; 0    ; 0            ; |DifferentialEquation|Multiplicador_Matricial:multiplicador6|somador_n:somador2_n12|FA:\g1:0:soman  ; work         ;
;          |FA:\g1:1:soman|                   ; 2 (2)             ; 0 (0)        ; 0           ; 0            ; 0       ; 0         ; 0    ; 0            ; |DifferentialEquation|Multiplicador_Matricial:multiplicador6|somador_n:somador2_n12|FA:\g1:1:soman  ; work         ;
;          |FA:\g1:2:soman|                   ; 2 (2)             ; 0 (0)        ; 0           ; 0            ; 0       ; 0         ; 0    ; 0            ; |DifferentialEquation|Multiplicador_Matricial:multiplicador6|somador_n:somador2_n12|FA:\g1:2:soman  ; work         ;
;          |FA:\g1:3:soman|                   ; 2 (2)             ; 0 (0)        ; 0           ; 0            ; 0       ; 0         ; 0    ; 0            ; |DifferentialEquation|Multiplicador_Matricial:multiplicador6|somador_n:somador2_n12|FA:\g1:3:soman  ; work         ;
;          |FA:\g1:4:soman|                   ; 2 (2)             ; 0 (0)        ; 0           ; 0            ; 0       ; 0         ; 0    ; 0            ; |DifferentialEquation|Multiplicador_Matricial:multiplicador6|somador_n:somador2_n12|FA:\g1:4:soman  ; work         ;
;          |FA:\g1:5:soman|                   ; 2 (2)             ; 0 (0)        ; 0           ; 0            ; 0       ; 0         ; 0    ; 0            ; |DifferentialEquation|Multiplicador_Matricial:multiplicador6|somador_n:somador2_n12|FA:\g1:5:soman  ; work         ;
;          |FA:\g1:6:soman|                   ; 2 (2)             ; 0 (0)        ; 0           ; 0            ; 0       ; 0         ; 0    ; 0            ; |DifferentialEquation|Multiplicador_Matricial:multiplicador6|somador_n:somador2_n12|FA:\g1:6:soman  ; work         ;
;          |FA:\g1:7:soman|                   ; 2 (2)             ; 0 (0)        ; 0           ; 0            ; 0       ; 0         ; 0    ; 0            ; |DifferentialEquation|Multiplicador_Matricial:multiplicador6|somador_n:somador2_n12|FA:\g1:7:soman  ; work         ;
;          |FA:\g1:8:soman|                   ; 2 (2)             ; 0 (0)        ; 0           ; 0            ; 0       ; 0         ; 0    ; 0            ; |DifferentialEquation|Multiplicador_Matricial:multiplicador6|somador_n:somador2_n12|FA:\g1:8:soman  ; work         ;
;          |FA:\g1:9:soman|                   ; 1 (1)             ; 0 (0)        ; 0           ; 0            ; 0       ; 0         ; 0    ; 0            ; |DifferentialEquation|Multiplicador_Matricial:multiplicador6|somador_n:somador2_n12|FA:\g1:9:soman  ; work         ;
;       |somador_n:somador3_n10|              ; 18 (0)            ; 0 (0)        ; 0           ; 0            ; 0       ; 0         ; 0    ; 0            ; |DifferentialEquation|Multiplicador_Matricial:multiplicador6|somador_n:somador3_n10                 ; work         ;
;          |FA:\g1:0:soman|                   ; 1 (1)             ; 0 (0)        ; 0           ; 0            ; 0       ; 0         ; 0    ; 0            ; |DifferentialEquation|Multiplicador_Matricial:multiplicador6|somador_n:somador3_n10|FA:\g1:0:soman  ; work         ;
;          |FA:\g1:1:soman|                   ; 2 (2)             ; 0 (0)        ; 0           ; 0            ; 0       ; 0         ; 0    ; 0            ; |DifferentialEquation|Multiplicador_Matricial:multiplicador6|somador_n:somador3_n10|FA:\g1:1:soman  ; work         ;
;          |FA:\g1:2:soman|                   ; 2 (2)             ; 0 (0)        ; 0           ; 0            ; 0       ; 0         ; 0    ; 0            ; |DifferentialEquation|Multiplicador_Matricial:multiplicador6|somador_n:somador3_n10|FA:\g1:2:soman  ; work         ;
;          |FA:\g1:3:soman|                   ; 2 (2)             ; 0 (0)        ; 0           ; 0            ; 0       ; 0         ; 0    ; 0            ; |DifferentialEquation|Multiplicador_Matricial:multiplicador6|somador_n:somador3_n10|FA:\g1:3:soman  ; work         ;
;          |FA:\g1:4:soman|                   ; 2 (2)             ; 0 (0)        ; 0           ; 0            ; 0       ; 0         ; 0    ; 0            ; |DifferentialEquation|Multiplicador_Matricial:multiplicador6|somador_n:somador3_n10|FA:\g1:4:soman  ; work         ;
;          |FA:\g1:5:soman|                   ; 2 (2)             ; 0 (0)        ; 0           ; 0            ; 0       ; 0         ; 0    ; 0            ; |DifferentialEquation|Multiplicador_Matricial:multiplicador6|somador_n:somador3_n10|FA:\g1:5:soman  ; work         ;
;          |FA:\g1:6:soman|                   ; 2 (2)             ; 0 (0)        ; 0           ; 0            ; 0       ; 0         ; 0    ; 0            ; |DifferentialEquation|Multiplicador_Matricial:multiplicador6|somador_n:somador3_n10|FA:\g1:6:soman  ; work         ;
;          |FA:\g1:7:soman|                   ; 2 (2)             ; 0 (0)        ; 0           ; 0            ; 0       ; 0         ; 0    ; 0            ; |DifferentialEquation|Multiplicador_Matricial:multiplicador6|somador_n:somador3_n10|FA:\g1:7:soman  ; work         ;
;          |FA:\g1:8:soman|                   ; 2 (2)             ; 0 (0)        ; 0           ; 0            ; 0       ; 0         ; 0    ; 0            ; |DifferentialEquation|Multiplicador_Matricial:multiplicador6|somador_n:somador3_n10|FA:\g1:8:soman  ; work         ;
;          |FA:\g1:9:soman|                   ; 1 (1)             ; 0 (0)        ; 0           ; 0            ; 0       ; 0         ; 0    ; 0            ; |DifferentialEquation|Multiplicador_Matricial:multiplicador6|somador_n:somador3_n10|FA:\g1:9:soman  ; work         ;
;    |somador_n:somador1|                     ; 29 (0)            ; 0 (0)        ; 0           ; 0            ; 0       ; 0         ; 0    ; 0            ; |DifferentialEquation|somador_n:somador1                                                            ; work         ;
;       |FA:\g1:10:soman|                     ; 2 (2)             ; 0 (0)        ; 0           ; 0            ; 0       ; 0         ; 0    ; 0            ; |DifferentialEquation|somador_n:somador1|FA:\g1:10:soman                                            ; work         ;
;       |FA:\g1:11:soman|                     ; 2 (2)             ; 0 (0)        ; 0           ; 0            ; 0       ; 0         ; 0    ; 0            ; |DifferentialEquation|somador_n:somador1|FA:\g1:11:soman                                            ; work         ;
;       |FA:\g1:12:soman|                     ; 2 (2)             ; 0 (0)        ; 0           ; 0            ; 0       ; 0         ; 0    ; 0            ; |DifferentialEquation|somador_n:somador1|FA:\g1:12:soman                                            ; work         ;
;       |FA:\g1:13:soman|                     ; 2 (2)             ; 0 (0)        ; 0           ; 0            ; 0       ; 0         ; 0    ; 0            ; |DifferentialEquation|somador_n:somador1|FA:\g1:13:soman                                            ; work         ;
;       |FA:\g1:14:soman|                     ; 1 (1)             ; 0 (0)        ; 0           ; 0            ; 0       ; 0         ; 0    ; 0            ; |DifferentialEquation|somador_n:somador1|FA:\g1:14:soman                                            ; work         ;
;       |FA:\g1:15:soman|                     ; 2 (2)             ; 0 (0)        ; 0           ; 0            ; 0       ; 0         ; 0    ; 0            ; |DifferentialEquation|somador_n:somador1|FA:\g1:15:soman                                            ; work         ;
;       |FA:\g1:1:soman|                      ; 2 (2)             ; 0 (0)        ; 0           ; 0            ; 0       ; 0         ; 0    ; 0            ; |DifferentialEquation|somador_n:somador1|FA:\g1:1:soman                                             ; work         ;
;       |FA:\g1:2:soman|                      ; 2 (2)             ; 0 (0)        ; 0           ; 0            ; 0       ; 0         ; 0    ; 0            ; |DifferentialEquation|somador_n:somador1|FA:\g1:2:soman                                             ; work         ;
;       |FA:\g1:3:soman|                      ; 2 (2)             ; 0 (0)        ; 0           ; 0            ; 0       ; 0         ; 0    ; 0            ; |DifferentialEquation|somador_n:somador1|FA:\g1:3:soman                                             ; work         ;
;       |FA:\g1:4:soman|                      ; 2 (2)             ; 0 (0)        ; 0           ; 0            ; 0       ; 0         ; 0    ; 0            ; |DifferentialEquation|somador_n:somador1|FA:\g1:4:soman                                             ; work         ;
;       |FA:\g1:5:soman|                      ; 2 (2)             ; 0 (0)        ; 0           ; 0            ; 0       ; 0         ; 0    ; 0            ; |DifferentialEquation|somador_n:somador1|FA:\g1:5:soman                                             ; work         ;
;       |FA:\g1:6:soman|                      ; 2 (2)             ; 0 (0)        ; 0           ; 0            ; 0       ; 0         ; 0    ; 0            ; |DifferentialEquation|somador_n:somador1|FA:\g1:6:soman                                             ; work         ;
;       |FA:\g1:7:soman|                      ; 2 (2)             ; 0 (0)        ; 0           ; 0            ; 0       ; 0         ; 0    ; 0            ; |DifferentialEquation|somador_n:somador1|FA:\g1:7:soman                                             ; work         ;
;       |FA:\g1:8:soman|                      ; 2 (2)             ; 0 (0)        ; 0           ; 0            ; 0       ; 0         ; 0    ; 0            ; |DifferentialEquation|somador_n:somador1|FA:\g1:8:soman                                             ; work         ;
;       |FA:\g1:9:soman|                      ; 2 (2)             ; 0 (0)        ; 0           ; 0            ; 0       ; 0         ; 0    ; 0            ; |DifferentialEquation|somador_n:somador1|FA:\g1:9:soman                                             ; work         ;
+---------------------------------------------+-------------------+--------------+-------------+--------------+---------+-----------+------+--------------+-----------------------------------------------------------------------------------------------------+--------------+
Note: For table entries with two numbers listed, the numbers in parentheses indicate the number of resources of the given type used by the specific entity alone. The numbers listed outside of parentheses indicate the total resources of the given type used by the specific entity and all of its sub-entities in the hierarchy.


+------------------------------------------------------+
; General Register Statistics                          ;
+----------------------------------------------+-------+
; Statistic                                    ; Value ;
+----------------------------------------------+-------+
; Total registers                              ; 48    ;
; Number of registers using Synchronous Clear  ; 0     ;
; Number of registers using Synchronous Load   ; 0     ;
; Number of registers using Asynchronous Clear ; 0     ;
; Number of registers using Asynchronous Load  ; 0     ;
; Number of registers using Clock Enable       ; 47    ;
; Number of registers using Preset             ; 0     ;
+----------------------------------------------+-------+


+------------------------------------------------------------------------------------------------------------------------------------------------------------------------------------------+
; Multiplexer Restructuring Statistics (Restructuring Performed)                                                                                                                           ;
+--------------------+-----------+---------------+----------------------+------------------------+------------+----------------------------------------------------------------------------+
; Multiplexer Inputs ; Bus Width ; Baseline Area ; Area if Restructured ; Saving if Restructured ; Registered ; Example Multiplexer Output                                                 ;
+--------------------+-----------+---------------+----------------------+------------------------+------------+----------------------------------------------------------------------------+
; 3:1                ; 4 bits    ; 8 LEs         ; 8 LEs                ; 0 LEs                  ; No         ; |DifferentialEquation|Multiplicador_Matricial:multiplicador6|gpp:gpp1|Mux1 ;
; 4:1                ; 11 bits   ; 22 LEs        ; 22 LEs               ; 0 LEs                  ; No         ; |DifferentialEquation|Multiplicador_Matricial:multiplicador5|gpp:gpp1|Mux6 ;
; 4:1                ; 2 bits    ; 4 LEs         ; 4 LEs                ; 0 LEs                  ; No         ; |DifferentialEquation|Multiplicador_Matricial:multiplicador5|gpp:gpp2|Mux8 ;
; 4:1                ; 2 bits    ; 4 LEs         ; 4 LEs                ; 0 LEs                  ; No         ; |DifferentialEquation|Multiplicador_Matricial:multiplicador5|gpp:gpp3|Mux8 ;
; 5:1                ; 2 bits    ; 6 LEs         ; 4 LEs                ; 2 LEs                  ; No         ; |DifferentialEquation|Multiplicador_Matricial:multiplicador6|gpp:gpp3|Mux7 ;
; 6:1                ; 2 bits    ; 8 LEs         ; 4 LEs                ; 4 LEs                  ; No         ; |DifferentialEquation|Multiplicador_Matricial:multiplicador5|gpp:gpp4|Mux0 ;
; 6:1                ; 2 bits    ; 8 LEs         ; 4 LEs                ; 4 LEs                  ; No         ; |DifferentialEquation|Multiplicador_Matricial:multiplicador5|gpp:gpp2|Mux0 ;
; 6:1                ; 14 bits   ; 56 LEs        ; 42 LEs               ; 14 LEs                 ; No         ; |DifferentialEquation|Multiplicador_Matricial:multiplicador5|gpp:gpp2|Mux1 ;
; 6:1                ; 2 bits    ; 8 LEs         ; 4 LEs                ; 4 LEs                  ; No         ; |DifferentialEquation|Multiplicador_Matricial:multiplicador5|gpp:gpp3|Mux0 ;
; 6:1                ; 12 bits   ; 48 LEs        ; 36 LEs               ; 12 LEs                 ; No         ; |DifferentialEquation|Multiplicador_Matricial:multiplicador5|gpp:gpp3|Mux1 ;
; 7:1                ; 2 bits    ; 8 LEs         ; 6 LEs                ; 2 LEs                  ; No         ; |DifferentialEquation|Multiplicador_Matricial:multiplicador6|gpp:gpp4|Mux8 ;
; 7:1                ; 2 bits    ; 8 LEs         ; 6 LEs                ; 2 LEs                  ; No         ; |DifferentialEquation|Multiplicador_Matricial:multiplicador5|gpp:gpp4|Mux1 ;
; 8:1                ; 12 bits   ; 60 LEs        ; 36 LEs               ; 24 LEs                 ; No         ; |DifferentialEquation|Multiplicador_Matricial:multiplicador5|gpp:gpp4|Mux2 ;
+--------------------+-----------+---------------+----------------------+------------------------+------------+----------------------------------------------------------------------------+


+-----------------------------------------------------------------+
; Parameter Settings for User Entity Instance: somador_n:somador1 ;
+----------------+-------+----------------------------------------+
; Parameter Name ; Value ; Type                                   ;
+----------------+-------+----------------------------------------+
; n              ; 16    ; Signed Integer                         ;
+----------------+-------+----------------------------------------+
Note: In order to hide this table in the UI and the text report file, please set the "Show Parameter Settings in Synthesis Report" option in "Analysis and Synthesis Settings -> More Settings" to "Off".


+------------------------------------------------------------------------------------------------------------+
; Parameter Settings for User Entity Instance: Multiplicador_Matricial:multiplicador1|somador_n:somador1_n14 ;
+----------------+-------+-----------------------------------------------------------------------------------+
; Parameter Name ; Value ; Type                                                                              ;
+----------------+-------+-----------------------------------------------------------------------------------+
; n              ; 14    ; Signed Integer                                                                    ;
+----------------+-------+-----------------------------------------------------------------------------------+
Note: In order to hide this table in the UI and the text report file, please set the "Show Parameter Settings in Synthesis Report" option in "Analysis and Synthesis Settings -> More Settings" to "Off".


+------------------------------------------------------------------------------------------------------------+
; Parameter Settings for User Entity Instance: Multiplicador_Matricial:multiplicador1|somador_n:somador2_n12 ;
+----------------+-------+-----------------------------------------------------------------------------------+
; Parameter Name ; Value ; Type                                                                              ;
+----------------+-------+-----------------------------------------------------------------------------------+
; n              ; 12    ; Signed Integer                                                                    ;
+----------------+-------+-----------------------------------------------------------------------------------+
Note: In order to hide this table in the UI and the text report file, please set the "Show Parameter Settings in Synthesis Report" option in "Analysis and Synthesis Settings -> More Settings" to "Off".


+------------------------------------------------------------------------------------------------------------+
; Parameter Settings for User Entity Instance: Multiplicador_Matricial:multiplicador1|somador_n:somador3_n10 ;
+----------------+-------+-----------------------------------------------------------------------------------+
; Parameter Name ; Value ; Type                                                                              ;
+----------------+-------+-----------------------------------------------------------------------------------+
; n              ; 10    ; Signed Integer                                                                    ;
+----------------+-------+-----------------------------------------------------------------------------------+
Note: In order to hide this table in the UI and the text report file, please set the "Show Parameter Settings in Synthesis Report" option in "Analysis and Synthesis Settings -> More Settings" to "Off".


+------------------------------------------------------------------------------------------------------------+
; Parameter Settings for User Entity Instance: Multiplicador_Matricial:multiplicador2|somador_n:somador1_n14 ;
+----------------+-------+-----------------------------------------------------------------------------------+
; Parameter Name ; Value ; Type                                                                              ;
+----------------+-------+-----------------------------------------------------------------------------------+
; n              ; 14    ; Signed Integer                                                                    ;
+----------------+-------+-----------------------------------------------------------------------------------+
Note: In order to hide this table in the UI and the text report file, please set the "Show Parameter Settings in Synthesis Report" option in "Analysis and Synthesis Settings -> More Settings" to "Off".


+------------------------------------------------------------------------------------------------------------+
; Parameter Settings for User Entity Instance: Multiplicador_Matricial:multiplicador2|somador_n:somador2_n12 ;
+----------------+-------+-----------------------------------------------------------------------------------+
; Parameter Name ; Value ; Type                                                                              ;
+----------------+-------+-----------------------------------------------------------------------------------+
; n              ; 12    ; Signed Integer                                                                    ;
+----------------+-------+-----------------------------------------------------------------------------------+
Note: In order to hide this table in the UI and the text report file, please set the "Show Parameter Settings in Synthesis Report" option in "Analysis and Synthesis Settings -> More Settings" to "Off".


+------------------------------------------------------------------------------------------------------------+
; Parameter Settings for User Entity Instance: Multiplicador_Matricial:multiplicador2|somador_n:somador3_n10 ;
+----------------+-------+-----------------------------------------------------------------------------------+
; Parameter Name ; Value ; Type                                                                              ;
+----------------+-------+-----------------------------------------------------------------------------------+
; n              ; 10    ; Signed Integer                                                                    ;
+----------------+-------+-----------------------------------------------------------------------------------+
Note: In order to hide this table in the UI and the text report file, please set the "Show Parameter Settings in Synthesis Report" option in "Analysis and Synthesis Settings -> More Settings" to "Off".


+------------------------------------------------------------------------------------------------------------+
; Parameter Settings for User Entity Instance: Multiplicador_Matricial:multiplicador3|somador_n:somador1_n14 ;
+----------------+-------+-----------------------------------------------------------------------------------+
; Parameter Name ; Value ; Type                                                                              ;
+----------------+-------+-----------------------------------------------------------------------------------+
; n              ; 14    ; Signed Integer                                                                    ;
+----------------+-------+-----------------------------------------------------------------------------------+
Note: In order to hide this table in the UI and the text report file, please set the "Show Parameter Settings in Synthesis Report" option in "Analysis and Synthesis Settings -> More Settings" to "Off".


+------------------------------------------------------------------------------------------------------------+
; Parameter Settings for User Entity Instance: Multiplicador_Matricial:multiplicador3|somador_n:somador2_n12 ;
+----------------+-------+-----------------------------------------------------------------------------------+
; Parameter Name ; Value ; Type                                                                              ;
+----------------+-------+-----------------------------------------------------------------------------------+
; n              ; 12    ; Signed Integer                                                                    ;
+----------------+-------+-----------------------------------------------------------------------------------+
Note: In order to hide this table in the UI and the text report file, please set the "Show Parameter Settings in Synthesis Report" option in "Analysis and Synthesis Settings -> More Settings" to "Off".


+------------------------------------------------------------------------------------------------------------+
; Parameter Settings for User Entity Instance: Multiplicador_Matricial:multiplicador3|somador_n:somador3_n10 ;
+----------------+-------+-----------------------------------------------------------------------------------+
; Parameter Name ; Value ; Type                                                                              ;
+----------------+-------+-----------------------------------------------------------------------------------+
; n              ; 10    ; Signed Integer                                                                    ;
+----------------+-------+-----------------------------------------------------------------------------------+
Note: In order to hide this table in the UI and the text report file, please set the "Show Parameter Settings in Synthesis Report" option in "Analysis and Synthesis Settings -> More Settings" to "Off".


+------------------------------------------------------------------------------------------------------------+
; Parameter Settings for User Entity Instance: Multiplicador_Matricial:multiplicador4|somador_n:somador1_n14 ;
+----------------+-------+-----------------------------------------------------------------------------------+
; Parameter Name ; Value ; Type                                                                              ;
+----------------+-------+-----------------------------------------------------------------------------------+
; n              ; 14    ; Signed Integer                                                                    ;
+----------------+-------+-----------------------------------------------------------------------------------+
Note: In order to hide this table in the UI and the text report file, please set the "Show Parameter Settings in Synthesis Report" option in "Analysis and Synthesis Settings -> More Settings" to "Off".


+------------------------------------------------------------------------------------------------------------+
; Parameter Settings for User Entity Instance: Multiplicador_Matricial:multiplicador4|somador_n:somador2_n12 ;
+----------------+-------+-----------------------------------------------------------------------------------+
; Parameter Name ; Value ; Type                                                                              ;
+----------------+-------+-----------------------------------------------------------------------------------+
; n              ; 12    ; Signed Integer                                                                    ;
+----------------+-------+-----------------------------------------------------------------------------------+
Note: In order to hide this table in the UI and the text report file, please set the "Show Parameter Settings in Synthesis Report" option in "Analysis and Synthesis Settings -> More Settings" to "Off".


+------------------------------------------------------------------------------------------------------------+
; Parameter Settings for User Entity Instance: Multiplicador_Matricial:multiplicador4|somador_n:somador3_n10 ;
+----------------+-------+-----------------------------------------------------------------------------------+
; Parameter Name ; Value ; Type                                                                              ;
+----------------+-------+-----------------------------------------------------------------------------------+
; n              ; 10    ; Signed Integer                                                                    ;
+----------------+-------+-----------------------------------------------------------------------------------+
Note: In order to hide this table in the UI and the text report file, please set the "Show Parameter Settings in Synthesis Report" option in "Analysis and Synthesis Settings -> More Settings" to "Off".


+------------------------------------------------------------------------------------------------------------+
; Parameter Settings for User Entity Instance: Multiplicador_Matricial:multiplicador5|somador_n:somador1_n14 ;
+----------------+-------+-----------------------------------------------------------------------------------+
; Parameter Name ; Value ; Type                                                                              ;
+----------------+-------+-----------------------------------------------------------------------------------+
; n              ; 14    ; Signed Integer                                                                    ;
+----------------+-------+-----------------------------------------------------------------------------------+
Note: In order to hide this table in the UI and the text report file, please set the "Show Parameter Settings in Synthesis Report" option in "Analysis and Synthesis Settings -> More Settings" to "Off".


+------------------------------------------------------------------------------------------------------------+
; Parameter Settings for User Entity Instance: Multiplicador_Matricial:multiplicador5|somador_n:somador2_n12 ;
+----------------+-------+-----------------------------------------------------------------------------------+
; Parameter Name ; Value ; Type                                                                              ;
+----------------+-------+-----------------------------------------------------------------------------------+
; n              ; 12    ; Signed Integer                                                                    ;
+----------------+-------+-----------------------------------------------------------------------------------+
Note: In order to hide this table in the UI and the text report file, please set the "Show Parameter Settings in Synthesis Report" option in "Analysis and Synthesis Settings -> More Settings" to "Off".


+------------------------------------------------------------------------------------------------------------+
; Parameter Settings for User Entity Instance: Multiplicador_Matricial:multiplicador5|somador_n:somador3_n10 ;
+----------------+-------+-----------------------------------------------------------------------------------+
; Parameter Name ; Value ; Type                                                                              ;
+----------------+-------+-----------------------------------------------------------------------------------+
; n              ; 10    ; Signed Integer                                                                    ;
+----------------+-------+-----------------------------------------------------------------------------------+
Note: In order to hide this table in the UI and the text report file, please set the "Show Parameter Settings in Synthesis Report" option in "Analysis and Synthesis Settings -> More Settings" to "Off".


+------------------------------------------------------------------------------------------------------------+
; Parameter Settings for User Entity Instance: Multiplicador_Matricial:multiplicador6|somador_n:somador1_n14 ;
+----------------+-------+-----------------------------------------------------------------------------------+
; Parameter Name ; Value ; Type                                                                              ;
+----------------+-------+-----------------------------------------------------------------------------------+
; n              ; 14    ; Signed Integer                                                                    ;
+----------------+-------+-----------------------------------------------------------------------------------+
Note: In order to hide this table in the UI and the text report file, please set the "Show Parameter Settings in Synthesis Report" option in "Analysis and Synthesis Settings -> More Settings" to "Off".


+------------------------------------------------------------------------------------------------------------+
; Parameter Settings for User Entity Instance: Multiplicador_Matricial:multiplicador6|somador_n:somador2_n12 ;
+----------------+-------+-----------------------------------------------------------------------------------+
; Parameter Name ; Value ; Type                                                                              ;
+----------------+-------+-----------------------------------------------------------------------------------+
; n              ; 12    ; Signed Integer                                                                    ;
+----------------+-------+-----------------------------------------------------------------------------------+
Note: In order to hide this table in the UI and the text report file, please set the "Show Parameter Settings in Synthesis Report" option in "Analysis and Synthesis Settings -> More Settings" to "Off".


+------------------------------------------------------------------------------------------------------------+
; Parameter Settings for User Entity Instance: Multiplicador_Matricial:multiplicador6|somador_n:somador3_n10 ;
+----------------+-------+-----------------------------------------------------------------------------------+
; Parameter Name ; Value ; Type                                                                              ;
+----------------+-------+-----------------------------------------------------------------------------------+
; n              ; 10    ; Signed Integer                                                                    ;
+----------------+-------+-----------------------------------------------------------------------------------+
Note: In order to hide this table in the UI and the text report file, please set the "Show Parameter Settings in Synthesis Report" option in "Analysis and Synthesis Settings -> More Settings" to "Off".


+--------------------------------------------------------------------------------------------------------------------+
; Port Connectivity Checks: "Multiplicador_Matricial:multiplicador4"                                                 ;
+----------+--------+----------+-------------------------------------------------------------------------------------+
; Port     ; Type   ; Severity ; Details                                                                             ;
+----------+--------+----------+-------------------------------------------------------------------------------------+
; md[1..0] ; Input  ; Info     ; Stuck at VCC                                                                        ;
; md[7..2] ; Input  ; Info     ; Stuck at GND                                                                        ;
; s[15..8] ; Output ; Info     ; Connected to dangling logic. Logic that only feeds a dangling port will be removed. ;
+----------+--------+----------+-------------------------------------------------------------------------------------+


+----------------------------------------------------------------------------------------------------------------+
; Port Connectivity Checks: "Multiplicador_Matricial:multiplicador3"                                             ;
+------+--------+----------+-------------------------------------------------------------------------------------+
; Port ; Type   ; Severity ; Details                                                                             ;
+------+--------+----------+-------------------------------------------------------------------------------------+
; s    ; Output ; Info     ; Connected to dangling logic. Logic that only feeds a dangling port will be removed. ;
+------+--------+----------+-------------------------------------------------------------------------------------+


+--------------------------------------------------------------------------------------------------------------------+
; Port Connectivity Checks: "Multiplicador_Matricial:multiplicador2"                                                 ;
+----------+--------+----------+-------------------------------------------------------------------------------------+
; Port     ; Type   ; Severity ; Details                                                                             ;
+----------+--------+----------+-------------------------------------------------------------------------------------+
; s[15..8] ; Output ; Info     ; Connected to dangling logic. Logic that only feeds a dangling port will be removed. ;
+----------+--------+----------+-------------------------------------------------------------------------------------+


+----------------------------------------------------------------------------------------------------------------+
; Port Connectivity Checks: "Multiplicador_Matricial:multiplicador1|somador_n:somador3_n10"                      ;
+------+--------+----------+-------------------------------------------------------------------------------------+
; Port ; Type   ; Severity ; Details                                                                             ;
+------+--------+----------+-------------------------------------------------------------------------------------+
; co   ; Input  ; Info     ; Stuck at GND                                                                        ;
; cout ; Output ; Info     ; Connected to dangling logic. Logic that only feeds a dangling port will be removed. ;
+------+--------+----------+-------------------------------------------------------------------------------------+


+----------------------------------------------------------------------------------------------------------------+
; Port Connectivity Checks: "Multiplicador_Matricial:multiplicador1|somador_n:somador2_n12"                      ;
+------+--------+----------+-------------------------------------------------------------------------------------+
; Port ; Type   ; Severity ; Details                                                                             ;
+------+--------+----------+-------------------------------------------------------------------------------------+
; co   ; Input  ; Info     ; Stuck at GND                                                                        ;
; cout ; Output ; Info     ; Connected to dangling logic. Logic that only feeds a dangling port will be removed. ;
+------+--------+----------+-------------------------------------------------------------------------------------+


+----------------------------------------------------------------------------------------------------------------+
; Port Connectivity Checks: "Multiplicador_Matricial:multiplicador1|somador_n:somador1_n14"                      ;
+------+--------+----------+-------------------------------------------------------------------------------------+
; Port ; Type   ; Severity ; Details                                                                             ;
+------+--------+----------+-------------------------------------------------------------------------------------+
; co   ; Input  ; Info     ; Stuck at GND                                                                        ;
; cout ; Output ; Info     ; Connected to dangling logic. Logic that only feeds a dangling port will be removed. ;
+------+--------+----------+-------------------------------------------------------------------------------------+


+-----------------------------------------------------------------------------+
; Port Connectivity Checks: "Multiplicador_Matricial:multiplicador1|gpp:gpp1" ;
+-------+-------+----------+--------------------------------------------------+
; Port  ; Type  ; Severity ; Details                                          ;
+-------+-------+----------+--------------------------------------------------+
; mr[0] ; Input ; Info     ; Stuck at GND                                     ;
+-------+-------+----------+--------------------------------------------------+


+--------------------------------------------------------------------------------------------------------------------+
; Port Connectivity Checks: "Multiplicador_Matricial:multiplicador1"                                                 ;
+----------+--------+----------+-------------------------------------------------------------------------------------+
; Port     ; Type   ; Severity ; Details                                                                             ;
+----------+--------+----------+-------------------------------------------------------------------------------------+
; md[1..0] ; Input  ; Info     ; Stuck at VCC                                                                        ;
; md[7..2] ; Input  ; Info     ; Stuck at GND                                                                        ;
; s[15..8] ; Output ; Info     ; Connected to dangling logic. Logic that only feeds a dangling port will be removed. ;
+----------+--------+----------+-------------------------------------------------------------------------------------+


+----------------------------------------------------------------------------------------------------------------+
; Port Connectivity Checks: "somador_n:somador1"                                                                 ;
+------+--------+----------+-------------------------------------------------------------------------------------+
; Port ; Type   ; Severity ; Details                                                                             ;
+------+--------+----------+-------------------------------------------------------------------------------------+
; co   ; Input  ; Info     ; Stuck at GND                                                                        ;
; cout ; Output ; Info     ; Connected to dangling logic. Logic that only feeds a dangling port will be removed. ;
+------+--------+----------+-------------------------------------------------------------------------------------+


+-------------------------------+
; Elapsed Time Per Partition    ;
+----------------+--------------+
; Partition Name ; Elapsed Time ;
+----------------+--------------+
; Top            ; 00:00:01     ;
+----------------+--------------+


+-------------------------------+
; Analysis & Synthesis Messages ;
+-------------------------------+
Info: *******************************************************************
Info: Running Quartus II 64-Bit Analysis & Synthesis
    Info: Version 13.0.1 Build 232 06/12/2013 Service Pack 1 SJ Web Edition
    Info: Processing started: Tue Apr 25 14:00:35 2023
Info: Command: quartus_map --read_settings_files=on --write_settings_files=off DifferentialEquation -c DifferentialEquation
Warning (20028): Parallel compilation is not licensed and has been disabled
Info (12021): Found 2 design units, including 1 entities, in source file multiplicador_matricial.vhd
    Info (12022): Found design unit 1: Multiplicador_Matricial-arq
    Info (12023): Found entity 1: Multiplicador_Matricial
Info (12021): Found 2 design units, including 1 entities, in source file somador_n.vhd
    Info (12022): Found design unit 1: somador_n-arq
    Info (12023): Found entity 1: somador_n
Info (12021): Found 2 design units, including 1 entities, in source file gpp.vhd
    Info (12022): Found design unit 1: gpp-arq
    Info (12023): Found entity 1: gpp
Info (12021): Found 2 design units, including 1 entities, in source file fa.vhd
    Info (12022): Found design unit 1: FA-arq
    Info (12023): Found entity 1: FA
Info (12021): Found 2 design units, including 1 entities, in source file differentialequation.vhd
    Info (12022): Found design unit 1: DifferentialEquation-arq
    Info (12023): Found entity 1: DifferentialEquation
Info (12127): Elaborating entity "DifferentialEquation" for the top level hierarchy
Warning (10036): Verilog HDL or VHDL warning at DifferentialEquation.vhd(25): object "part2" assigned a value but never read
Warning (10036): Verilog HDL or VHDL warning at DifferentialEquation.vhd(29): object "cout_somador1" assigned a value but never read
Warning (10492): VHDL Process Statement warning at DifferentialEquation.vhd(89): signal "a" is read inside the Process Statement but isn't in the Process Statement's sensitivity list
Info (12128): Elaborating entity "somador_n" for hierarchy "somador_n:somador1"
Info (12128): Elaborating entity "FA" for hierarchy "somador_n:somador1|FA:\g1:0:soman"
Info (12128): Elaborating entity "Multiplicador_Matricial" for hierarchy "Multiplicador_Matricial:multiplicador1"
Warning (10036): Verilog HDL or VHDL warning at Multiplicador_Matricial.vhd(19): object "cout_somador1" assigned a value but never read
Warning (10036): Verilog HDL or VHDL warning at Multiplicador_Matricial.vhd(20): object "cout_somador2" assigned a value but never read
Warning (10036): Verilog HDL or VHDL warning at Multiplicador_Matricial.vhd(21): object "cout_somador3" assigned a value but never read
Info (12128): Elaborating entity "gpp" for hierarchy "Multiplicador_Matricial:multiplicador1|gpp:gpp1"
Info (12128): Elaborating entity "somador_n" for hierarchy "Multiplicador_Matricial:multiplicador1|somador_n:somador1_n14"
Info (12128): Elaborating entity "somador_n" for hierarchy "Multiplicador_Matricial:multiplicador1|somador_n:somador2_n12"
Info (12128): Elaborating entity "somador_n" for hierarchy "Multiplicador_Matricial:multiplicador1|somador_n:somador3_n10"
Info (16010): Generating hard_block partition "hard_block:auto_generated_inst"
    Info (16011): Adding 0 node(s), including 0 DDIO, 0 PLL, 0 transceiver and 0 LCELL
Warning (21074): Design contains 48 input pin(s) that do not drive logic
    Warning (15610): No output dependent on input pin "x[0]"
    Warning (15610): No output dependent on input pin "x[1]"
    Warning (15610): No output dependent on input pin "x[2]"
    Warning (15610): No output dependent on input pin "x[3]"
    Warning (15610): No output dependent on input pin "x[4]"
    Warning (15610): No output dependent on input pin "x[5]"
    Warning (15610): No output dependent on input pin "x[6]"
    Warning (15610): No output dependent on input pin "x[7]"
    Warning (15610): No output dependent on input pin "x[8]"
    Warning (15610): No output dependent on input pin "x[9]"
    Warning (15610): No output dependent on input pin "x[10]"
    Warning (15610): No output dependent on input pin "x[11]"
    Warning (15610): No output dependent on input pin "x[12]"
    Warning (15610): No output dependent on input pin "x[13]"
    Warning (15610): No output dependent on input pin "x[14]"
    Warning (15610): No output dependent on input pin "x[15]"
    Warning (15610): No output dependent on input pin "u[0]"
    Warning (15610): No output dependent on input pin "u[1]"
    Warning (15610): No output dependent on input pin "u[2]"
    Warning (15610): No output dependent on input pin "u[3]"
    Warning (15610): No output dependent on input pin "u[4]"
    Warning (15610): No output dependent on input pin "u[5]"
    Warning (15610): No output dependent on input pin "u[6]"
    Warning (15610): No output dependent on input pin "u[7]"
    Warning (15610): No output dependent on input pin "u[8]"
    Warning (15610): No output dependent on input pin "u[9]"
    Warning (15610): No output dependent on input pin "u[10]"
    Warning (15610): No output dependent on input pin "u[11]"
    Warning (15610): No output dependent on input pin "u[12]"
    Warning (15610): No output dependent on input pin "u[13]"
    Warning (15610): No output dependent on input pin "u[14]"
    Warning (15610): No output dependent on input pin "u[15]"
    Warning (15610): No output dependent on input pin "y[0]"
    Warning (15610): No output dependent on input pin "y[1]"
    Warning (15610): No output dependent on input pin "y[2]"
    Warning (15610): No output dependent on input pin "y[3]"
    Warning (15610): No output dependent on input pin "y[4]"
    Warning (15610): No output dependent on input pin "y[5]"
    Warning (15610): No output dependent on input pin "y[6]"
    Warning (15610): No output dependent on input pin "y[7]"
    Warning (15610): No output dependent on input pin "y[8]"
    Warning (15610): No output dependent on input pin "y[9]"
    Warning (15610): No output dependent on input pin "y[10]"
    Warning (15610): No output dependent on input pin "y[11]"
    Warning (15610): No output dependent on input pin "y[12]"
    Warning (15610): No output dependent on input pin "y[13]"
    Warning (15610): No output dependent on input pin "y[14]"
    Warning (15610): No output dependent on input pin "y[15]"
Info (21057): Implemented 557 device resources after synthesis - the final resource count might be different
    Info (21058): Implemented 81 input pins
    Info (21059): Implemented 64 output pins
    Info (21061): Implemented 412 logic cells
Info: Quartus II 64-Bit Analysis & Synthesis was successful. 0 errors, 56 warnings
    Info: Peak virtual memory: 4650 megabytes
    Info: Processing ended: Tue Apr 25 14:00:38 2023
    Info: Elapsed time: 00:00:03
    Info: Total CPU time (on all processors): 00:00:03


